[2026-03-05T10:41:57.798Z] === Tmux Window Plugin Started ===
[2026-03-05T10:41:57.798Z] Plugin loaded!
[2026-03-05T10:42:44.029Z] User text: still the issue with renaming 
{
    "code": "23505",
    "details": null,
    "hint": null,
    "me
[2026-03-05T10:43:00.994Z] User text: everytime renaming add a new user
[2026-03-05T10:43:10.656Z] User text: i see the issue now! the database constraint is case-sensitive, but my filter check might not be cat
[2026-03-05T10:45:41.331Z] User text: everytime renaming add a new user
[2026-03-05T10:46:07.365Z] User text: now try renaming again and **check your browser console** (f12 → console tab). the debug logs will s
[2026-03-05T10:46:07.387Z] ✅ Done: 🚧pocker -> ✅pocker
[2026-03-05T10:46:49.272Z] User text: are we update user not insert new user ?
[2026-03-05T10:46:49.311Z] 🚧 Working: ✅pocker -> 🚧pocker
[2026-03-05T10:46:54.305Z] User text: great question! let me check the flow - we should be **updating** the existing player record, not in
[2026-03-05T10:46:54.335Z] ✅ Done: 🚧pocker -> ✅pocker
[2026-03-05T10:46:59.442Z] User text: yes! line 138 shows `.update({ name: newname })` - we are updating, not inserting. 

the duplicate k
[2026-03-05T10:46:59.482Z] 🚧 Working: ✅pocker -> 🚧pocker
[2026-03-05T10:47:40.897Z] User text: content.js:89 [video focus keeper] protection active - user pauses respected
main-app.js?v=177270763
[2026-03-05T10:47:40.934Z] ✅ Done: 🚧pocker -> ✅pocker
[2026-03-05T10:47:59.466Z] User text: i found the real problem! looking at your console logs:

1. you're trying to rename player `06d153f0
[2026-03-05T10:47:59.509Z] 🚧 Working: ✅pocker -> 🚧pocker
[2026-03-05T10:48:41.158Z] User text: now i need to also export a function from useplayer to sync the player id. let me update the hook:
[2026-03-05T10:49:38.595Z] User text: now let me also fix the race condition in handleupdatename - we shouldn't update local state before 
[2026-03-05T10:50:16.987Z] User text: build successful! the fixes i made:

1. **sync player id**: when the page loads with a stale playeri
